Saved benchmark_template.json.
Time stamp: Fri Feb 14 16:55:35 2025

Error:   Random number generation already started. Changing seed now will not lead to deterministic sampling.
         at line 78 in /home/accrobot/ompl-1.5.2/src/ompl/util/src/RandomNumbers.cpp
Loaded the following settings from /home/accrobot/julien_pascal_these/State-HFM/RC/comparison_extend_function_informed_rrt_star_reeds_shepp_config.json:
<settings>
	cusp_angle_threshold=1.0472
	interpolation_limit=500
	exact_goal_radius=0.01
	evaluate_clearing=1
	estimate_theta=0
	max_planning_time=5
	max_path_length=10000
	fast_odf_threshold=10000
	auto_choose_distance_computation_method=1
	distance_computation_method=0
	log_env_distances=0
<theta_star>
	number_edges=10
</theta_star>
<smoothing>
<chomp>
	error_tolerance=1e-06
	gamma=0.8
	epsilon=4
	objective_type=0
	max_iterations=1500
	alpha=0.05
	nodes=100
</chomp>
<ompl>
	shortcut_snap_to_vertex=0.005
	shortcut_range_ratio=0.33
	shortcut_max_empty_steps=0
	bspline_epsilon=0.005
	shortcut_max_steps=0
	bspline_max_steps=5
</ompl>
<grips>
	max_pruning_rounds=100
	eta_discount=0.8
	gradient_descent_rounds=5
	eta=0.9
	min_node_distance=3
</grips>
</smoothing>
<sbpl>
	goal_tolerance_theta=6.28319
	goal_tolerance_y=1
	goal_tolerance_x=1
	resolution=0.25
	num_theta_dirs=16
	motion_primitive_filename=./sbpl_mprim/unicycle_0.25.mprim
	time_to_turn_45_degs_in_place=0.6
	scaling=1
	forward_velocity=0.2
	initial_solution_eps=3
	search_until_first_solution=0
</sbpl>
<steer>
	sampling_resolution=0.005
	car_turning_radius=10.1043
	steering_type=0
<posq>
	dt=0.1
	axis_length=0.54
	v_max=1
	v=1
	rho_end_condition=0.005
	rho=1
	phi=-1
	alpha=3
</posq>
<hc_cc>
	resolution=0.1
	sigma=0.2
	kappa=0.2
</hc_cc>
</steer>
<forwardpropagation>
	dt=0.1
	car_length=5.52
	sampling_resolution=0.005
	car_turning_radius=10.1043
	forward_propagation_type=0
</forwardpropagation>
<ompl>
	control_planner_settings={"EST":{"goal_bias":"","range":""},"KPIECE1":{"bad_score_factor":"","border_fraction":"","goal_bias":"","good_score_factor":"","max_close_samples":""},"PDST":{"goal_bias":""},"RRT":{"goal_bias":"","intermediate_states":""},"SST":{"goal_bias":"","pruning_radius":"","selection_radius":""}}
	seed=5
	geometric_planner_settings={"BFMT":{"balanced":"","cache_cc":"","extended_fmt":"","heuristics":"","nearest_k":"","num_samples":"","optimality":"","radius_multiplier":""},"BITstar":{"delay_rewiring_to_first_solution":"","drop_unconnected_samples_on_prune":"","find_approximate_solutions":"","prune_threshold_as_fractional_cost_change":"","rewire_factor":"","samples_per_batch":"","stop_on_each_solution_improvement":"","use_graph_pruning":"","use_just_in_time_sampling":"","use_k_nearest":"","use_strict_queue_ordering":""},"CForest":{"focus_search":"","num_threads":""},"EST":{"goal_bias":"","range":""},"FMT":{"cache_cc":"","extended_fmt":"","heuristics":"","num_samples":"","radius_multiplier":"","use_k_nearest":""},"InformedRRTstar":{"delay_collision_checking":"","goal_bias":"","number_sampling_attempts":"","ordered_sampling":"","ordering_batch_size":"","prune_threshold":"","range":"","rewire_factor":"","use_k_nearest":""},"KPIECE1":{"border_fraction":"","failed_expansion_score_factor":"","goal_bias":"","min_valid_path_fraction":"","range":""},"PDST":{"goal_bias":""},"PRM":{"max_nearest_neighbors":""},"RRT":{"goal_bias":"","intermediate_states":"","range":""},"RRT#":{"goal_bias":"","informed_sampling":"","number_sampling_attempts":"","range":"","rejection_variant":"","rejection_variant_alpha":"","rewire_factor":"","sample_rejection":"","update_children":"","use_k_nearest":""},"RRTstar":{"delay_collision_checking":"","focus_search":"","goal_bias":"","informed_sampling":"","new_state_rejection":"","number_sampling_attempts":"","ordered_sampling":"","ordering_batch_size":"","prune_threshold":"","pruned_measure":"","range":"","rewire_factor":"","sample_rejection":"","tree_pruning":"","use_admissible_heuristic":"","use_k_nearest":""},"SBL":{"range":""},"SORRTstar":{"delay_collision_checking":"","goal_bias":"","number_sampling_attempts":"","ordered_sampling":"","ordering_batch_size":"","prune_threshold":"","range":"","rewire_factor":"","use_k_nearest":""},"SPARS":{"dense_delta_fraction":"","max_failures":"","sparse_delta_fraction":"","stretch_factor":""},"SPARStwo":{"dense_delta_fraction":"","max_failures":"","sparse_delta_fraction":"","stretch_factor":""},"SST":{"goal_bias":"","pruning_radius":"","range":"","selection_radius":""},"STRIDE":{"degree":"","estimated_dimension":"","goal_bias":"","max_degree":"","max_pts_per_leaf":"","min_degree":"","min_valid_path_fraction":"","range":"","use_projected_distance":""}}
	optimization_objective=min_pathlength
	sampler=iid
	cost_threshold=100
	state_equality_tolerance=0.0001
</ompl>
<benchmark>
	anytime_intervals=[1, 3, 5, 10, 15, 20, 25, 30]
	forward_propagations=[0]
	control_planners_on=0
	steer_functions=[0]
	log_file=/home/accrobot/julien_pascal_these/State-HFM/RC/comparison_extend_function_informed_rrt_star_reeds_shepp_results.json
	runs=5
<planning>
	fppdst=0
	sbpl_anastar=0
	spars2=0
	sbpl_arastar=0
	sbpl_mha=0
	sbpl_adstar=0
	rrt_sharp=0
	prm_star=0
	est=0
	sbl=0
	sorrt_star=0
	theta_star=0
	bit_star=0
	fpest=0
	informed_rrt_star=1
	rrt=0
	fpsst=0
	cforest=0
	spars=0
	fprrt=0
	sst=0
	kpiece=0
	bfmt=0
	fpkpiece=0
	rrt_star=0
	prm=0
	fmt=0
	stride=0
	sbpl_lazy_ara=0
	pdst=0
</planning>
<smoothing>
	ompl_simplify_max=1
	ompl_bspline=1
	ompl_shortcut=1
	chomp=0
	grips=1
</smoothing>
<moving_ai>
	create_border=1
	end=-1
	start=-10
	scenario=Berlin_0_256.map.scen
	active=0
</moving_ai>
</benchmark>
<env>
	type=grid
<collision>
	robot_shape_source=/home/accrobot/julien_pascal_these/State-HFM/bot.svg
	robot_shape=
	collision_model=1
</collision>
<polygon>
	scaling=1
	source=polygon_mazes/parking1.svg
</polygon>
<grid>
	seed=1
	height=200
	width=200
	generator=image
<image>
	desired_height=200
	desired_width=200
	occupancy_threshold=0.5
	source=/home/accrobot/julien_pascal_these/State-HFM/benoit_world_zoom.png
</image>
<random>
	obstacle_ratio=0.1
</random>
<corridor>
	branches=100
	radius=8
</corridor>
</grid>
<goal>
	theta=1.5708
	y=30
	x=160
</goal>
<start>
	theta=0
	y=140
	x=130
</start>
</env>
</settings>
##############################################
# Benchmark Run 1 / 5
##############################################
Loaded grid map from image /home/accrobot/julien_pascal_these/State-HFM/benoit_world_zoom.png (100x100, 4 channel(s)).
Resized image /home/accrobot/julien_pascal_these/State-HFM/benoit_world_zoom.png from 100x100 to 200x200.
Info:    Loaded polygon robot model from /home/accrobot/julien_pascal_these/State-HFM/bot.svg with 4 vertices.
Info:    	Bounds: [-27.25 -2.80] -- [5.81 2.80]
global::settings.ompl.state_space->hasDefaultProjection() ? false
Info:    Initialized steer function Reeds-Shepp.
Info:    Computing distances via DEAD_RECKONING
Info:    No planner specified. Using default.
Info:    LBKPIECE1: Attempting to use default projection.
Start: 
Compound state [
RealVectorState [130 140]
SO2State [0]
]

Goal: 
Compound state [
RealVectorState [160 30]
SO2State [1.5708]
]

Info:    Running InformedRRTstar...
Info:    InformedRRTstar: Using informed sampling.
Info:    InformedRRTstar: Started planning with 1 states. Seeking a solution better than 100.00000.
Info:    InformedRRTstar: Initial k-nearest value of 45
